<!DOCTYPE html PUBLIC "-//W3C//DTD XHTML 1.1//EN" "http://www.w3.org/TR/xhtml11/DTD/xhtml11.dtd">
<html xmlns="http://www.w3.org/1999/xhtml">
<head>
<meta http-equiv="content-type" content="text/html; charset=UTF-8"/>
<title>TestNG Report</title>
<style type="text/css">table {margin-bottom:10px;border-collapse:collapse;empty-cells:show}th,td {border:1px solid #009;padding:.25em .5em}th {vertical-align:bottom}td {vertical-align:top}table a {font-weight:bold}.stripe td {background-color: #E6EBF9}.num {text-align:right}.passedodd td {background-color: #3F3}.passedeven td {background-color: #0A0}.skippedodd td {background-color: #DDD}.skippedeven td {background-color: #CCC}.failedodd td,.attn {background-color: #F33}.failedeven td,.stripe .attn {background-color: #D00}.stacktrace {white-space:pre;font-family:monospace}.totop {font-size:85%;text-align:center;border-bottom:2px solid #000}.invisible {display:none}</style>
</head>
<body>
<table>
<tr><th>Test</th><th># Passed</th><th># Skipped</th><th># Failed</th><th>Time (ms)</th><th>Included Groups</th><th>Excluded Groups</th></tr>
<tr><th colspan="7">nEXCITIZEN</th></tr>
<tr><td><a href="#t0">nEXCITIZEN_TestCase1</a></td><td class="num">0</td><td class="num">0</td><td class="num attn">3</td><td class="num">48,291</td><td></td><td></td></tr>
<tr class="stripe"><td><a href="#t1">nEXCITIZEN_TestCase2</a></td><td class="num">1</td><td class="num">0</td><td class="num">0</td><td class="num">152,679</td><td></td><td></td></tr>
<tr><th>Total</th><th class="num">1</th><th class="num">0</th><th class="num attn">3</th><th class="num">200,970</th><th colspan="2"></th></tr>
</table>
<table id='summary'><thead><tr><th>Class</th><th>Method</th><th>Start</th><th>Time (ms)</th></tr></thead><tbody><tr><th colspan="4">nEXCITIZEN</th></tr></tbody><tbody id="t0"><tr><th colspan="4">nEXCITIZEN_TestCase1 &#8212; failed</th></tr><tr class="failedeven"><td rowspan="3">com.TestCase.RegistrationandLoginTestCase_Folder.Login_TestCase</td><td><a href="#m0">Orginal_user_pass</a></td><td rowspan="1">1575013854774</td><td rowspan="1">7418</td></tr><tr class="failedeven"><td><a href="#m1">Without_Password</a></td><td rowspan="1">1575013847273</td><td rowspan="1">7500</td></tr><tr class="failedeven"><td><a href="#m2">Without_Username</a></td><td rowspan="1">1575013840396</td><td rowspan="1">6863</td></tr></tbody>
<tbody id="t1"><tr><th colspan="4">nEXCITIZEN_TestCase2 &#8212; passed</th></tr><tr class="passedeven"><td rowspan="1">com.TestCase.PaymentTestCase_Folder.Application_TestCase</td><td><a href="#m3">Hit_Application</a></td><td rowspan="1">1575013862245</td><td rowspan="1">152678</td></tr></tbody>
</table>
<h2>nEXCITIZEN_TestCase1</h2><h3 id="m0">com.TestCase.RegistrationandLoginTestCase_Folder.Login_TestCase#Orginal_user_pass</h3><table class="result"><tr><th>Exception</th></tr><tr><td><div class="stacktrace">java.lang.AssertionError: The following asserts failed:
	expected [Un-Successfully Login] but found [With UserName &amp; Password Login]
	at com.PageObject.New_Registration.Login_Page.UserTest(Login_Page.java:89)
	at com.TestCase.RegistrationandLoginTestCase_Folder.Login_TestCase.Orginal_user_pass(Login_TestCase.java:25)
... Removed 25 stack frames</div></td></tr></table><p class="totop"><a href="#summary">back to summary</a></p>
<h3 id="m1">com.TestCase.RegistrationandLoginTestCase_Folder.Login_TestCase#Without_Password</h3><table class="result"><tr><th>Exception</th></tr><tr><td><div class="stacktrace">java.lang.AssertionError: The following asserts failed:
	expected [Successfully Login] but found [Without Password not Login]
	at com.PageObject.New_Registration.Login_Page.OnlyUserNametest(Login_Page.java:64)
	at com.TestCase.RegistrationandLoginTestCase_Folder.Login_TestCase.Without_Password(Login_TestCase.java:21)
... Removed 25 stack frames</div></td></tr></table><p class="totop"><a href="#summary">back to summary</a></p>
<h3 id="m2">com.TestCase.RegistrationandLoginTestCase_Folder.Login_TestCase#Without_Username</h3><table class="result"><tr><th>Exception</th></tr><tr><td><div class="stacktrace">java.lang.AssertionError: The following asserts failed:
	expected [Successfully Login] but found [Without UserName not Login]
	at com.PageObject.New_Registration.Login_Page.OnlyPassWordtest(Login_Page.java:41)
	at com.TestCase.RegistrationandLoginTestCase_Folder.Login_TestCase.Without_Username(Login_TestCase.java:17)
... Removed 25 stack frames</div></td></tr></table><p class="totop"><a href="#summary">back to summary</a></p>
<h2>nEXCITIZEN_TestCase2</h2><h3 id="m3">com.TestCase.PaymentTestCase_Folder.Application_TestCase#Hit_Application</h3><table class="result"><tr><th class="invisible"/></tr></table><p class="totop"><a href="#summary">back to summary</a></p>
</body>
</html>
