<?xml version="1.0" encoding="UTF-8"?>
<!-- Generated by org.testng.reporters.JUnitXMLReporter -->
<testsuite hostname="DESKTOP-E7S6MJ8" ignored="0" name="nEXCITIZEN_TestCase2" tests="3" failures="1" timestamp="14 Dec 2019 08:50:09 GMT" time="187.006" errors="0">
  <testcase name="EmailSend_Message" time="11.408" classname="com.TestCase.EmailTestCase_Folder.SendEmail_TestCase"/>
  <testcase name="Hit_Hording_and_Advertisment_Tab" time="76.42" classname="com.TestCase.HordingTestCase_Folder.Hording_Test_Case"/>
  <testcase name="Hit_Side_Panel" time="99.152" classname="com.TestCase.HordingTestCase_Folder.SidePanel_Hording_Test_Case">
    <failure type="org.openqa.selenium.NoSuchElementException" message="An element could not be located on the page using the given search parameters.
For documentation on this error, please visit: https://www.seleniumhq.org/exceptions/no_such_element.html
Build info: version: &amp;apos;3.141.59&amp;apos;, revision: &amp;apos;e82be7d358&amp;apos;, time: &amp;apos;2018-11-14T08:17:03&amp;apos;
System info: host: &amp;apos;DESKTOP-E7S6MJ8&amp;apos;, ip: &amp;apos;192.168.11.105&amp;apos;, os.name: &amp;apos;Windows 10&amp;apos;, os.arch: &amp;apos;amd64&amp;apos;, os.version: &amp;apos;10.0&amp;apos;, java.version: &amp;apos;1.8.0_231&amp;apos;
Driver info: io.appium.java_client.android.AndroidDriver
Capabilities {app: E:\Appium_project\com_nEXCI..., appPackage: com.nex.nexcitizen, appWaitActivity: com.nex.nexcitizen.Login, appWaitPackage: com.nex.nexcitizen, databaseEnabled: false, desired: {app: E:\Appium_project\com_nEXCI..., appWaitActivity: com.nex.nexcitizen.Login, appWaitPackage: com.nex.nexcitizen, deviceName: SM-G531F, no: true, noReset: true, platformName: android, platformVersion: 5.1.1, udid: emulator-5554}, deviceApiLevel: 22, deviceManufacturer: unknown, deviceModel: Android SDK built for x86, deviceName: emulator-5554, deviceScreenDensity: 160, deviceScreenSize: 480x800, deviceUDID: emulator-5554, javascriptEnabled: true, locationContextEnabled: false, networkConnectionEnabled: true, no: true, noReset: true, pixelRatio: 1, platform: LINUX, platformName: android, platformVersion: 5.1.1, statBarHeight: 25, takesScreenshot: true, udid: emulator-5554, viewportRect: {height: 775, left: 0, top: 25, width: 480}, warnings: {}, webStorageEnabled: false}
Session ID: 6d76be6a-9a40-493c-9168-6836f7ee965b
*** Element info: {Using=id, value=com.nex.nexcitizen:id/downarrow}">
      <![CDATA[org.openqa.selenium.NoSuchElementException: An element could not be located on the page using the given search parameters.
For documentation on this error, please visit: https://www.seleniumhq.org/exceptions/no_such_element.html
Build info: version: '3.141.59', revision: 'e82be7d358', time: '2018-11-14T08:17:03'
System info: host: 'DESKTOP-E7S6MJ8', ip: '192.168.11.105', os.name: 'Windows 10', os.arch: 'amd64', os.version: '10.0', java.version: '1.8.0_231'
Driver info: io.appium.java_client.android.AndroidDriver
Capabilities {app: E:\Appium_project\com_nEXCI..., appPackage: com.nex.nexcitizen, appWaitActivity: com.nex.nexcitizen.Login, appWaitPackage: com.nex.nexcitizen, databaseEnabled: false, desired: {app: E:\Appium_project\com_nEXCI..., appWaitActivity: com.nex.nexcitizen.Login, appWaitPackage: com.nex.nexcitizen, deviceName: SM-G531F, no: true, noReset: true, platformName: android, platformVersion: 5.1.1, udid: emulator-5554}, deviceApiLevel: 22, deviceManufacturer: unknown, deviceModel: Android SDK built for x86, deviceName: emulator-5554, deviceScreenDensity: 160, deviceScreenSize: 480x800, deviceUDID: emulator-5554, javascriptEnabled: true, locationContextEnabled: false, networkConnectionEnabled: true, no: true, noReset: true, pixelRatio: 1, platform: LINUX, platformName: android, platformVersion: 5.1.1, statBarHeight: 25, takesScreenshot: true, udid: emulator-5554, viewportRect: {height: 775, left: 0, top: 25, width: 480}, warnings: {}, webStorageEnabled: false}
Session ID: 6d76be6a-9a40-493c-9168-6836f7ee965b
*** Element info: {Using=id, value=com.nex.nexcitizen:id/downarrow}
at org.openqa.selenium.remote.http.W3CHttpResponseCodec.createException(W3CHttpResponseCodec.java:187)
at org.openqa.selenium.remote.http.W3CHttpResponseCodec.decode(W3CHttpResponseCodec.java:122)
at org.openqa.selenium.remote.http.W3CHttpResponseCodec.decode(W3CHttpResponseCodec.java:49)
at org.openqa.selenium.remote.HttpCommandExecutor.execute(HttpCommandExecutor.java:158)
at io.appium.java_client.remote.AppiumCommandExecutor.execute(AppiumCommandExecutor.java:239)
at org.openqa.selenium.remote.RemoteWebDriver.execute(RemoteWebDriver.java:552)
at io.appium.java_client.DefaultGenericMobileDriver.execute(DefaultGenericMobileDriver.java:41)
at io.appium.java_client.AppiumDriver.execute(AppiumDriver.java:1)
at io.appium.java_client.android.AndroidDriver.execute(AndroidDriver.java:1)
at org.openqa.selenium.remote.RemoteWebDriver.findElement(RemoteWebDriver.java:323)
at io.appium.java_client.DefaultGenericMobileDriver.findElement(DefaultGenericMobileDriver.java:61)
at io.appium.java_client.AppiumDriver.findElement(AppiumDriver.java:1)
at io.appium.java_client.android.AndroidDriver.findElement(AndroidDriver.java:1)
at org.openqa.selenium.remote.RemoteWebDriver.findElementById(RemoteWebDriver.java:372)
at io.appium.java_client.DefaultGenericMobileDriver.findElementById(DefaultGenericMobileDriver.java:69)
at io.appium.java_client.AppiumDriver.findElementById(AppiumDriver.java:1)
at io.appium.java_client.android.AndroidDriver.findElementById(AndroidDriver.java:1)
at com.PageObject.Hording_and_Advertisment.Side_Panel_Hording_and_Advertisment.Hit_Side_Panel_Hording_and_Advertisment(Side_Panel_Hording_and_Advertisment.java:43)
at com.TestCase.HordingTestCase_Folder.SidePanel_Hording_Test_Case.Hit_Side_Panel(SidePanel_Hording_Test_Case.java:10)
... Removed 28 stack frames]]>
    </failure>
  </testcase> <!-- Hit_Side_Panel -->
</testsuite> <!-- nEXCITIZEN_TestCase2 -->
