<?xml version="1.0" encoding="UTF-8"?>
<!-- Generated by org.testng.reporters.JUnitXMLReporter -->
<testsuite hostname="DESKTOP-E7S6MJ8" ignored="0" name="nEXCITIZEN_TestCase1" tests="15" failures="3" timestamp="19 Dec 2019 10:28:20 GMT" time="458.563" errors="0">
  <testcase name="Without_Username" time="62.074" classname="com.TestCase.RegistrationandLoginTestCase_Folder.Login_TestCase">
    <failure type="java.lang.AssertionError" message="WithOut UserName Not Successfully login expected [true] but found [false]">
      <![CDATA[java.lang.AssertionError: WithOut UserName Not Successfully login expected [true] but found [false]
at com.PageObject.New_Registration.Login_Page.OnlyPassWordtest(Login_Page.java:48)
at com.TestCase.RegistrationandLoginTestCase_Folder.Login_TestCase.Without_Username(Login_TestCase.java:17)
... Removed 27 stack frames]]>
    </failure>
  </testcase> <!-- Without_Username -->
  <testcase name="Without_Password" time="62.054" classname="com.TestCase.RegistrationandLoginTestCase_Folder.Login_TestCase">
    <failure type="java.lang.AssertionError" message="WithOut password Not Successfully login expected [true] but found [false]">
      <![CDATA[java.lang.AssertionError: WithOut password Not Successfully login expected [true] but found [false]
at com.PageObject.New_Registration.Login_Page.OnlyUserNametest(Login_Page.java:74)
at com.TestCase.RegistrationandLoginTestCase_Folder.Login_TestCase.Without_Password(Login_TestCase.java:21)
... Removed 27 stack frames]]>
    </failure>
  </testcase> <!-- Without_Password -->
  <testcase name="Orginal_user_pass" time="3.667" classname="com.TestCase.RegistrationandLoginTestCase_Folder.Login_TestCase"/>
  <testcase name="Hit_Application" time="5.133" classname="com.TestCase.RegistrationandLoginTestCase_Folder.Application_TestCase"/>
  <testcase name="Birth_Certificate" time="10.41" classname="com.TestCase.RegistrationandLoginTestCase_Folder.Application_TestCase"/>
  <testcase name="Death_Certificate_Tab" time="10.437" classname="com.TestCase.RegistrationandLoginTestCase_Folder.Application_TestCase"/>
  <testcase name="Trade_Licence" time="10.458" classname="com.TestCase.RegistrationandLoginTestCase_Folder.Application_TestCase"/>
  <testcase name="Property_Tax" time="11.163" classname="com.TestCase.RegistrationandLoginTestCase_Folder.Application_TestCase"/>
  <testcase name="Building_Plan" time="10.605" classname="com.TestCase.RegistrationandLoginTestCase_Folder.Application_TestCase"/>
  <testcase name="Building_Completion_Certificate" time="11.124" classname="com.TestCase.RegistrationandLoginTestCase_Folder.Application_TestCase"/>
  <testcase name="Hording_and_Advertisement" time="60.226" classname="com.TestCase.RegistrationandLoginTestCase_Folder.Application_TestCase">
    <failure type="java.lang.AssertionError" message="The following asserts failed:
	Hording_and_Advertisement_Tab Hit expected [true] but found [false]">
      <![CDATA[java.lang.AssertionError: The following asserts failed:
Hording_and_Advertisement_Tab Hit expected [true] but found [false]
at com.PageObject.New_Registration.Application_Status.Hording_and_Advertisement_Tab_Click(Application_Status.java:307)
at com.TestCase.RegistrationandLoginTestCase_Folder.Application_TestCase.Hording_and_Advertisement(Application_TestCase.java:40)
... Removed 25 stack frames]]>
    </failure>
  </testcase> <!-- Hording_and_Advertisement -->
  <testcase name="Application_Details" time="10.499" classname="com.TestCase.RegistrationandLoginTestCase_Folder.Application_TestCase"/>
  <testcase name="Mutation_Certificate" time="10.632" classname="com.TestCase.RegistrationandLoginTestCase_Folder.Application_TestCase"/>
  <testcase name="Water_Supply" time="22.823" classname="com.TestCase.RegistrationandLoginTestCase_Folder.Application_TestCase"/>
  <testcase name="BithCirtificate_Tabhit" time="133.758" classname="com.TestCase.BirthCirtificateTestCase_Folder.BirthCirtificate_TestCase"/>
</testsuite> <!-- nEXCITIZEN_TestCase1 -->
