<?xml version="1.0" encoding="UTF-8"?>
<!-- Generated by org.testng.reporters.JUnitReportReporter -->
<testsuite skipped="0" hostname="DESKTOP-E7S6MJ8" name="com.TestCase.Water_Supply_Test_Case_Folder.Water_Supply_Test_Case" tests="3" failures="0" timestamp="21 Nov 2019 07:49:29 GMT" time="134.486" errors="1">
  <testcase name="Hit_Water_Supply" time="5.263" classname="com.TestCase.Water_Supply_Test_Case_Folder.Water_Supply_Test_Case"/>
  <testcase name="Application_link" time="0.088" classname="com.TestCase.Water_Supply_Test_Case_Folder.Water_Supply_Test_Case"/>
  <testcase name="Application_From" time="129.135" classname="com.TestCase.Water_Supply_Test_Case_Folder.Water_Supply_Test_Case">
    <error type="org.openqa.selenium.NoSuchElementException" message="An element could not be located on the page using the given search parameters.
For documentation on this error, please visit: https://www.seleniumhq.org/exceptions/no_such_element.html
Build info: version: &#039;3.141.59&#039;, revision: &#039;e82be7d358&#039;, time: &#039;2018-11-14T08:17:03&#039;
System info: host: &#039;DESKTOP-E7S6MJ8&#039;, ip: &#039;192.168.11.105&#039;, os.name: &#039;Windows 10&#039;, os.arch: &#039;amd64&#039;, os.version: &#039;10.0&#039;, java.version: &#039;1.8.0_231&#039;
Driver info: io.appium.java_client.android.AndroidDriver
Capabilities {app: E:\Appium_project\com_nEXCI..., appPackage: com.nex.nexcitizen, appWaitActivity: com.nex.nexcitizen.Login, appWaitPackage: com.nex.nexcitizen, databaseEnabled: false, desired: {app: E:\Appium_project\com_nEXCI..., appWaitActivity: com.nex.nexcitizen.Login, appWaitPackage: com.nex.nexcitizen, deviceName: SM-G531F, no: true, noReset: true, platformName: android, platformVersion: 5.1.1, udid: 4200f5bf9a208200}, deviceApiLevel: 22, deviceManufacturer: samsung, deviceModel: SM-G531F, deviceName: 4200f5bf9a208200, deviceScreenDensity: 240, deviceScreenSize: 540x960, deviceUDID: 4200f5bf9a208200, javascriptEnabled: true, locationContextEnabled: false, networkConnectionEnabled: true, no: true, noReset: true, pixelRatio: 1.5, platform: LINUX, platformName: android, platformVersion: 5.1.1, statBarHeight: 36, takesScreenshot: true, udid: 4200f5bf9a208200, viewportRect: {height: 924, left: 0, top: 36, width: 540}, warnings: {}, webStorageEnabled: false}
Session ID: f0b019c4-fd46-46c6-b052-a9b2a54cd080
*** Element info: {Using=id, value=com.nex.nexcitizen:id/homelay}">
      <![CDATA[org.openqa.selenium.NoSuchElementException: An element could not be located on the page using the given search parameters.
For documentation on this error, please visit: https://www.seleniumhq.org/exceptions/no_such_element.html
Build info: version: '3.141.59', revision: 'e82be7d358', time: '2018-11-14T08:17:03'
System info: host: 'DESKTOP-E7S6MJ8', ip: '192.168.11.105', os.name: 'Windows 10', os.arch: 'amd64', os.version: '10.0', java.version: '1.8.0_231'
Driver info: io.appium.java_client.android.AndroidDriver
Capabilities {app: E:\Appium_project\com_nEXCI..., appPackage: com.nex.nexcitizen, appWaitActivity: com.nex.nexcitizen.Login, appWaitPackage: com.nex.nexcitizen, databaseEnabled: false, desired: {app: E:\Appium_project\com_nEXCI..., appWaitActivity: com.nex.nexcitizen.Login, appWaitPackage: com.nex.nexcitizen, deviceName: SM-G531F, no: true, noReset: true, platformName: android, platformVersion: 5.1.1, udid: 4200f5bf9a208200}, deviceApiLevel: 22, deviceManufacturer: samsung, deviceModel: SM-G531F, deviceName: 4200f5bf9a208200, deviceScreenDensity: 240, deviceScreenSize: 540x960, deviceUDID: 4200f5bf9a208200, javascriptEnabled: true, locationContextEnabled: false, networkConnectionEnabled: true, no: true, noReset: true, pixelRatio: 1.5, platform: LINUX, platformName: android, platformVersion: 5.1.1, statBarHeight: 36, takesScreenshot: true, udid: 4200f5bf9a208200, viewportRect: {height: 924, left: 0, top: 36, width: 540}, warnings: {}, webStorageEnabled: false}
Session ID: f0b019c4-fd46-46c6-b052-a9b2a54cd080
*** Element info: {Using=id, value=com.nex.nexcitizen:id/homelay}
at sun.reflect.NativeConstructorAccessorImpl.newInstance0(Native Method)
at sun.reflect.NativeConstructorAccessorImpl.newInstance(NativeConstructorAccessorImpl.java:62)
at sun.reflect.DelegatingConstructorAccessorImpl.newInstance(DelegatingConstructorAccessorImpl.java:45)
at java.lang.reflect.Constructor.newInstance(Constructor.java:423)
at org.openqa.selenium.remote.http.W3CHttpResponseCodec.createException(W3CHttpResponseCodec.java:187)
at org.openqa.selenium.remote.http.W3CHttpResponseCodec.decode(W3CHttpResponseCodec.java:122)
at org.openqa.selenium.remote.http.W3CHttpResponseCodec.decode(W3CHttpResponseCodec.java:49)
at org.openqa.selenium.remote.HttpCommandExecutor.execute(HttpCommandExecutor.java:158)
at io.appium.java_client.remote.AppiumCommandExecutor.execute(AppiumCommandExecutor.java:239)
at org.openqa.selenium.remote.RemoteWebDriver.execute(RemoteWebDriver.java:552)
at io.appium.java_client.DefaultGenericMobileDriver.execute(DefaultGenericMobileDriver.java:41)
at io.appium.java_client.AppiumDriver.execute(AppiumDriver.java:1)
at io.appium.java_client.android.AndroidDriver.execute(AndroidDriver.java:1)
at org.openqa.selenium.remote.RemoteWebDriver.findElement(RemoteWebDriver.java:323)
at io.appium.java_client.DefaultGenericMobileDriver.findElement(DefaultGenericMobileDriver.java:61)
at io.appium.java_client.AppiumDriver.findElement(AppiumDriver.java:1)
at io.appium.java_client.android.AndroidDriver.findElement(AndroidDriver.java:1)
at org.openqa.selenium.remote.RemoteWebDriver.findElementById(RemoteWebDriver.java:372)
at io.appium.java_client.DefaultGenericMobileDriver.findElementById(DefaultGenericMobileDriver.java:69)
at io.appium.java_client.AppiumDriver.findElementById(AppiumDriver.java:1)
at io.appium.java_client.android.AndroidDriver.findElementById(AndroidDriver.java:1)
at com.PageObject.Water_Supply_Folder.Water_Supply.Application_Details_From(Water_Supply.java:133)
at com.TestCase.Water_Supply_Test_Case_Folder.Water_Supply_Test_Case.Application_From(Water_Supply_Test_Case.java:19)
at sun.reflect.NativeMethodAccessorImpl.invoke0(Native Method)
at sun.reflect.NativeMethodAccessorImpl.invoke(NativeMethodAccessorImpl.java:62)
at sun.reflect.DelegatingMethodAccessorImpl.invoke(DelegatingMethodAccessorImpl.java:43)
at java.lang.reflect.Method.invoke(Method.java:498)
at org.testng.internal.MethodInvocationHelper.invokeMethod(MethodInvocationHelper.java:124)
at org.testng.internal.Invoker.invokeMethod(Invoker.java:583)
at org.testng.internal.Invoker.invokeTestMethod(Invoker.java:719)
at org.testng.internal.Invoker.invokeTestMethods(Invoker.java:989)
at org.testng.internal.TestMethodWorker.invokeTestMethods(TestMethodWorker.java:125)
at org.testng.internal.TestMethodWorker.run(TestMethodWorker.java:109)
at org.testng.TestRunner.privateRun(TestRunner.java:648)
at org.testng.TestRunner.run(TestRunner.java:505)
at org.testng.SuiteRunner.runTest(SuiteRunner.java:455)
at org.testng.SuiteRunner.runSequentially(SuiteRunner.java:450)
at org.testng.SuiteRunner.privateRun(SuiteRunner.java:415)
at org.testng.SuiteRunner.run(SuiteRunner.java:364)
at org.testng.SuiteRunnerWorker.runSuite(SuiteRunnerWorker.java:52)
at org.testng.SuiteRunnerWorker.run(SuiteRunnerWorker.java:84)
at org.testng.TestNG.runSuitesSequentially(TestNG.java:1208)
at org.testng.TestNG.runSuitesLocally(TestNG.java:1137)
at org.testng.TestNG.runSuites(TestNG.java:1049)
at org.testng.TestNG.run(TestNG.java:1017)
at org.testng.IDEARemoteTestNG.run(IDEARemoteTestNG.java:73)
at org.testng.RemoteTestNGStarter.main(RemoteTestNGStarter.java:123)
]]>
    </error>
  </testcase> <!-- Application_From -->
</testsuite> <!-- com.TestCase.Water_Supply_Test_Case_Folder.Water_Supply_Test_Case -->
